Using pre-set license
Built from '2020.3/release' branch; Version is '2020.3.7f1 (dd97f2c94397) revision 14522354'; Using compiler version '192528614'; Build Type 'Release'
OS: 'Windows 10 Pro; OS build 19043.1348; Version 2009; 64bit' Language: 'ru' Physical Memory: 16316 MB
BatchMode: 1, IsHumanControllingUs: 0, StartBugReporterOnCrash: 0, Is64bit: 1, IsPro: 0

 COMMAND LINE ARGUMENTS:
C:\Program Files\Unity\Hub\Editor\2020.3.7f1\Editor\Unity.exe
-adb2
-batchMode
-noUpm
-name
AssetImportWorker0
-projectPath
G:/Unity_Projects/Gluhih_2D_Platformer
-logFile
Logs/AssetImportWorker0.log
-srvPort
49983
Successfully changed project path to: G:/Unity_Projects/Gluhih_2D_Platformer
G:/Unity_Projects/Gluhih_2D_Platformer
Using Asset Import Pipeline V2.
Refreshing native plugins compatible for Editor in 29.89 ms, found 1 plugins.
Preloading 0 native plugins for Editor in 0.00 ms.
Initialize engine version: 2020.3.7f1 (dd97f2c94397)
[Subsystems] Discovering subsystems at path C:/Program Files/Unity/Hub/Editor/2020.3.7f1/Editor/Data/Resources/UnitySubsystems
[Subsystems] Discovering subsystems at path G:/Unity_Projects/Gluhih_2D_Platformer/Assets
GfxDevice: creating device client; threaded=0
Direct3D:
    Version:  Direct3D 11.0 [level 11.1]
    Renderer: NVIDIA GeForce GTX 1660 SUPER (ID=0x21c4)
    Vendor:   
    VRAM:     5991 MB
    Driver:   30.0.14.9649
Initialize mono
Mono path[0] = 'C:/Program Files/Unity/Hub/Editor/2020.3.7f1/Editor/Data/Managed'
Mono path[1] = 'C:/Program Files/Unity/Hub/Editor/2020.3.7f1/Editor/Data/MonoBleedingEdge/lib/mono/unityjit'
Mono config path = 'C:/Program Files/Unity/Hub/Editor/2020.3.7f1/Editor/Data/MonoBleedingEdge/etc'
Using monoOptions --debugger-agent=transport=dt_socket,embedding=1,server=y,suspend=n,address=127.0.0.1:56892
Begin MonoManager ReloadAssembly
Registering precompiled unity dll's ...
Register platform support module: C:/Program Files/Unity/Hub/Editor/2020.3.7f1/Editor/Data/PlaybackEngines/WindowsStandaloneSupport/UnityEditor.WindowsStandalone.Extensions.dll
Registered in 0.001864 seconds.
Native extension for WindowsStandalone target not found
Refreshing native plugins compatible for Editor in 31.36 ms, found 1 plugins.
Preloading 0 native plugins for Editor in 0.00 ms.
Mono: successfully reloaded assembly
- Completed reload, in  1.060 seconds
Platform modules already initialized, skipping
Registering precompiled user dll's ...
Registered in 0.003139 seconds.
Begin MonoManager ReloadAssembly
Native extension for WindowsStandalone target not found
Refreshing native plugins compatible for Editor in 31.37 ms, found 1 plugins.
Preloading 0 native plugins for Editor in 0.00 ms.
Mono: successfully reloaded assembly
- Completed reload, in  0.838 seconds
Platform modules already initialized, skipping
========================================================================
Worker process is ready to serve import requests
Launched and connected shader compiler UnityShaderCompiler.exe after 0.04 seconds
Refreshing native plugins compatible for Editor in 0.38 ms, found 1 plugins.
Preloading 0 native plugins for Editor in 0.00 ms.
Unloading 1812 Unused Serialized files (Serialized files now loaded: 0)
System memory in use before: 85.0 MB.
System memory in use after: 84.9 MB.

Unloading 24 unused Assets to reduce memory usage. Loaded Objects now: 2254.
Total: 2.028600 ms (FindLiveObjects: 0.317200 ms CreateObjectMapping: 0.131800 ms MarkObjects: 1.453200 ms  DeleteObjects: 0.125500 ms)

========================================================================
Received Import Request.
  path: Assets/PixelPack03_Free/Level02.png
  artifactKey: Guid(936d8bd983ef77b4d8052ad3e2572a66) Importer(815301076,1909f56bfc062723c751e8b465ee728b)
Start importing Assets/PixelPack03_Free/Level02.png using Guid(936d8bd983ef77b4d8052ad3e2572a66) Importer(815301076,1909f56bfc062723c751e8b465ee728b)  -> (artifact id: '03fadde636aa127f373c8912af8011e7') in 0.115076 seconds
  Import took 0.117782 seconds .

========================================================================
Received Import Request.
  Time since last request: 0.000291 seconds.
  path: Assets/PixelPack03_Free/Level01.png
  artifactKey: Guid(9da33840b8a12fa49a23381653e7b214) Importer(815301076,1909f56bfc062723c751e8b465ee728b)
Start importing Assets/PixelPack03_Free/Level01.png using Guid(9da33840b8a12fa49a23381653e7b214) Importer(815301076,1909f56bfc062723c751e8b465ee728b)  -> (artifact id: 'b8e59fa088f888a4b7c6c72ce71cc97f') in 0.007324 seconds
  Import took 0.009691 seconds .

========================================================================
Received Import Request.
  Time since last request: 0.000241 seconds.
  path: Assets/PixelPack03_Free/BricksWide.png
  artifactKey: Guid(559d64157b63ddb48b7284bb56bf0ec5) Importer(815301076,1909f56bfc062723c751e8b465ee728b)
Start importing Assets/PixelPack03_Free/BricksWide.png using Guid(559d64157b63ddb48b7284bb56bf0ec5) Importer(815301076,1909f56bfc062723c751e8b465ee728b)  -> (artifact id: '3d2b0784548aa91593a6ae20f9d7c47e') in 0.014872 seconds
  Import took 0.017278 seconds .

========================================================================
Received Import Request.
  Time since last request: 0.000229 seconds.
  path: Assets/PixelPack03_Free/Crate.png
  artifactKey: Guid(3e4d4d9d552202f43b5053b5eb6492ef) Importer(815301076,1909f56bfc062723c751e8b465ee728b)
Start importing Assets/PixelPack03_Free/Crate.png using Guid(3e4d4d9d552202f43b5053b5eb6492ef) Importer(815301076,1909f56bfc062723c751e8b465ee728b)  -> (artifact id: 'ddd7a19823edd0e248b804512b027afb') in 0.005644 seconds
  Import took 0.008022 seconds .

========================================================================
Received Import Request.
  Time since last request: 0.000248 seconds.
  path: Assets/PixelPack03_Free/Gems.png
  artifactKey: Guid(3eaaea4926392174aababcfc4203bc82) Importer(815301076,1909f56bfc062723c751e8b465ee728b)
Start importing Assets/PixelPack03_Free/Gems.png using Guid(3eaaea4926392174aababcfc4203bc82) Importer(815301076,1909f56bfc062723c751e8b465ee728b)  -> (artifact id: 'ff5797e70a74329ec9c6782d4ae4548e') in 0.011222 seconds
  Import took 0.013872 seconds .

========================================================================
Received Import Request.
  Time since last request: 0.000226 seconds.
  path: Assets/PixelPack03_Free/Tileset.png
  artifactKey: Guid(7e284552364bc9044ba7f87f46c179ce) Importer(815301076,1909f56bfc062723c751e8b465ee728b)
Start importing Assets/PixelPack03_Free/Tileset.png using Guid(7e284552364bc9044ba7f87f46c179ce) Importer(815301076,1909f56bfc062723c751e8b465ee728b)  -> (artifact id: 'fbb5753accbacdde4ef4a7f3bd4d59a3') in 0.006922 seconds
  Import took 0.009457 seconds .

========================================================================
Received Import Request.
  Time since last request: 0.000260 seconds.
  path: Assets/PixelPack03_Free/Bricks.png
  artifactKey: Guid(e1e1b01e4a48aa242848155e8092e75d) Importer(815301076,1909f56bfc062723c751e8b465ee728b)
Start importing Assets/PixelPack03_Free/Bricks.png using Guid(e1e1b01e4a48aa242848155e8092e75d) Importer(815301076,1909f56bfc062723c751e8b465ee728b)  -> (artifact id: 'b8260be653a82f6259d95d0bff567158') in 0.035194 seconds
  Import took 0.037679 seconds .

========================================================================
Received Import Request.
  Time since last request: 0.000190 seconds.
  path: Assets/PixelPack03_Free/BKG01.png
  artifactKey: Guid(1f2cc40d32bb48444bd64699a8b55efb) Importer(815301076,1909f56bfc062723c751e8b465ee728b)
Start importing Assets/PixelPack03_Free/BKG01.png using Guid(1f2cc40d32bb48444bd64699a8b55efb) Importer(815301076,1909f56bfc062723c751e8b465ee728b)  -> (artifact id: '9fee0da32ae8da263537e7bfdc624266') in 0.006593 seconds
  Import took 0.008949 seconds .

========================================================================
Received Import Request.
  Time since last request: 0.000322 seconds.
  path: Assets/PixelPack03_Free
  artifactKey: Guid(c912a19209638174b9399cdd0b4dcdf0) Importer(815301076,1909f56bfc062723c751e8b465ee728b)
Start importing Assets/PixelPack03_Free using Guid(c912a19209638174b9399cdd0b4dcdf0) Importer(815301076,1909f56bfc062723c751e8b465ee728b)  -> (artifact id: '54953f6e3cfc5a886645ed35884f974c') in 0.000875 seconds
  Import took 0.003205 seconds .

========================================================================
Received Import Request.
  Time since last request: 0.000214 seconds.
  path: Assets/PixelPack03_Free/Blocks.png
  artifactKey: Guid(0e199325ccd4242429396b9293d2404d) Importer(815301076,1909f56bfc062723c751e8b465ee728b)
Start importing Assets/PixelPack03_Free/Blocks.png using Guid(0e199325ccd4242429396b9293d2404d) Importer(815301076,1909f56bfc062723c751e8b465ee728b)  -> (artifact id: '5b11b01e6855b72dfbec1a2436811d6b') in 0.019043 seconds
  Import took 0.021403 seconds .

========================================================================
Received Import Request.
  Time since last request: 0.000233 seconds.
  path: Assets/PixelPack03_Free/Columns.png
  artifactKey: Guid(6ac8826a0440c4b4a9bcb4371a8ee08d) Importer(815301076,1909f56bfc062723c751e8b465ee728b)
Start importing Assets/PixelPack03_Free/Columns.png using Guid(6ac8826a0440c4b4a9bcb4371a8ee08d) Importer(815301076,1909f56bfc062723c751e8b465ee728b)  -> (artifact id: '7ecbbd9bc29b8bbaee50a1446b9f64d9') in 0.032516 seconds
  Import took 0.034911 seconds .

========================================================================
Received Import Request.
  Time since last request: 0.000219 seconds.
  path: Assets/PixelPack03_Free/Levels.png
  artifactKey: Guid(b55d1b238f765054da57a404ca70ebed) Importer(815301076,1909f56bfc062723c751e8b465ee728b)
Start importing Assets/PixelPack03_Free/Levels.png using Guid(b55d1b238f765054da57a404ca70ebed) Importer(815301076,1909f56bfc062723c751e8b465ee728b)  -> (artifact id: '557bb1ed76cf31717db7ca3877af1bb5') in 0.007487 seconds
  Import took 0.009692 seconds .

========================================================================
Received Import Request.
  Time since last request: 0.000287 seconds.
  path: Assets/PixelPack03_Free/BKG03.png
  artifactKey: Guid(fe1db27ab55f5ae428782b15347b6cd2) Importer(815301076,1909f56bfc062723c751e8b465ee728b)
Start importing Assets/PixelPack03_Free/BKG03.png using Guid(fe1db27ab55f5ae428782b15347b6cd2) Importer(815301076,1909f56bfc062723c751e8b465ee728b)  -> (artifact id: '98fdcae8ef66023645c34d6c4ca565f4') in 0.005015 seconds
  Import took 0.008237 seconds .

========================================================================
Received Import Request.
  Time since last request: 41.325922 seconds.
  path: Assets/PixelPack03_Free/Bricks.png
  artifactKey: Guid(e1e1b01e4a48aa242848155e8092e75d) Importer(815301076,1909f56bfc062723c751e8b465ee728b)
Start importing Assets/PixelPack03_Free/Bricks.png using Guid(e1e1b01e4a48aa242848155e8092e75d) Importer(815301076,1909f56bfc062723c751e8b465ee728b)  -> (artifact id: '3116450510b63e5b2ac42cbc1f4889d2') in 0.035477 seconds
  Import took 0.038085 seconds .

========================================================================
Received Import Request.
  Time since last request: 54.547904 seconds.
  path: Assets/Pixel Adventure 1/Assets/Main Characters/Virtual Guy/Run (32x32).png
  artifactKey: Guid(552146dbb8bac6f449493bca4b69540f) Importer(815301076,1909f56bfc062723c751e8b465ee728b)
Start importing Assets/Pixel Adventure 1/Assets/Main Characters/Virtual Guy/Run (32x32).png using Guid(552146dbb8bac6f449493bca4b69540f) Importer(815301076,1909f56bfc062723c751e8b465ee728b)  -> (artifact id: '2daa389b5ee5eaea23420c85b8b9c7ce') in 0.023006 seconds
  Import took 0.026266 seconds .

========================================================================
Received Import Request.
  Time since last request: 0.000232 seconds.
  path: Assets/Pixel Adventure 1/Assets/Main Characters/Virtual Guy/Idle (32x32).png
  artifactKey: Guid(40de9a8703e2e5a47882b0b86451c741) Importer(815301076,1909f56bfc062723c751e8b465ee728b)
Start importing Assets/Pixel Adventure 1/Assets/Main Characters/Virtual Guy/Idle (32x32).png using Guid(40de9a8703e2e5a47882b0b86451c741) Importer(815301076,1909f56bfc062723c751e8b465ee728b)  -> (artifact id: '8e09c34a76047eb97e7ef2fb8428f719') in 0.022682 seconds
  Import took 0.026144 seconds .

========================================================================
Received Import Request.
  Time since last request: 0.000205 seconds.
  path: Assets/Pixel Adventure 1/Assets/Main Characters/Virtual Guy/Hit (32x32).png
  artifactKey: Guid(0b4768f2ab470f44ca33fa59836a0774) Importer(815301076,1909f56bfc062723c751e8b465ee728b)
Start importing Assets/Pixel Adventure 1/Assets/Main Characters/Virtual Guy/Hit (32x32).png using Guid(0b4768f2ab470f44ca33fa59836a0774) Importer(815301076,1909f56bfc062723c751e8b465ee728b)  -> (artifact id: '32a87ddbd85e3e5b422548b3d2df4331') in 0.017327 seconds
  Import took 0.019759 seconds .

========================================================================
Received Import Request.
  Time since last request: 0.000195 seconds.
  path: Assets/Pixel Adventure 1/Assets/Main Characters/Virtual Guy/Wall Jump (32x32).png
  artifactKey: Guid(5a448cc07b6e09343924bf933b0cb70e) Importer(815301076,1909f56bfc062723c751e8b465ee728b)
Start importing Assets/Pixel Adventure 1/Assets/Main Characters/Virtual Guy/Wall Jump (32x32).png using Guid(5a448cc07b6e09343924bf933b0cb70e) Importer(815301076,1909f56bfc062723c751e8b465ee728b)  -> (artifact id: '57e70266c8f04bb5e7da8770fab93be0') in 0.012646 seconds
  Import took 0.015068 seconds .

========================================================================
Received Import Request.
  Time since last request: 0.000175 seconds.
  path: Assets/Pixel Adventure 1/Assets/Main Characters/Virtual Guy/Jump (32x32).png
  artifactKey: Guid(320f4eb52e227b446830a1f6fd691fca) Importer(815301076,1909f56bfc062723c751e8b465ee728b)
Start importing Assets/Pixel Adventure 1/Assets/Main Characters/Virtual Guy/Jump (32x32).png using Guid(320f4eb52e227b446830a1f6fd691fca) Importer(815301076,1909f56bfc062723c751e8b465ee728b)  -> (artifact id: 'b252aecd5d186dd56526f0543e7903e9') in 0.007524 seconds
  Import took 0.010551 seconds .

========================================================================
Received Import Request.
  Time since last request: 0.000267 seconds.
  path: Assets/Pixel Adventure 1/Assets/Main Characters/Virtual Guy/Double Jump (32x32).png
  artifactKey: Guid(62a315a8619ac644f899c29e008115c0) Importer(815301076,1909f56bfc062723c751e8b465ee728b)
Start importing Assets/Pixel Adventure 1/Assets/Main Characters/Virtual Guy/Double Jump (32x32).png using Guid(62a315a8619ac644f899c29e008115c0) Importer(815301076,1909f56bfc062723c751e8b465ee728b)  -> (artifact id: 'a7e9e4c288874ebf6f7619a2d088e317') in 0.014622 seconds
  Import took 0.017187 seconds .

========================================================================
Received Import Request.
  Time since last request: 0.000174 seconds.
  path: Assets/Pixel Adventure 1/Assets/Main Characters/Virtual Guy/Fall (32x32).png
  artifactKey: Guid(5c8b2ada1a819a54e8c051165c738f18) Importer(815301076,1909f56bfc062723c751e8b465ee728b)
Start importing Assets/Pixel Adventure 1/Assets/Main Characters/Virtual Guy/Fall (32x32).png using Guid(5c8b2ada1a819a54e8c051165c738f18) Importer(815301076,1909f56bfc062723c751e8b465ee728b)  -> (artifact id: '29b278d875dced52099dbcd54852fd9f') in 0.008063 seconds
  Import took 0.010752 seconds .

========================================================================
Received Import Request.
  Time since last request: 86.572487 seconds.
  path: Assets/PixelPack03_Free/Blocks.png
  artifactKey: Guid(0e199325ccd4242429396b9293d2404d) Importer(815301076,1909f56bfc062723c751e8b465ee728b)
Start importing Assets/PixelPack03_Free/Blocks.png using Guid(0e199325ccd4242429396b9293d2404d) Importer(815301076,1909f56bfc062723c751e8b465ee728b)  -> (artifact id: 'ab41013fa51d027388a52743fe001215') in 0.020573 seconds
  Import took 0.023073 seconds .

========================================================================
Received Import Request.
  Time since last request: 97.102298 seconds.
  path: Assets/Prefabs/Platform.prefab
  artifactKey: Guid(c312bdd193d7e1140bd698bea8f2a554) Importer(815301076,1909f56bfc062723c751e8b465ee728b)
Start importing Assets/Prefabs/Platform.prefab using Guid(c312bdd193d7e1140bd698bea8f2a554) Importer(815301076,1909f56bfc062723c751e8b465ee728b)  -> (artifact id: '21e246303591d848f2f01ced5aef1f3e') in 0.033267 seconds
  Import took 0.036509 seconds .

========================================================================
Received Import Request.
  Time since last request: 0.000921 seconds.
  path: Assets/Prefabs/Platform.prefab
  artifactKey: Guid(c312bdd193d7e1140bd698bea8f2a554) Importer(815301076,1909f56bfc062723c751e8b465ee728b)
Start importing Assets/Prefabs/Platform.prefab using Guid(c312bdd193d7e1140bd698bea8f2a554) Importer(815301076,1909f56bfc062723c751e8b465ee728b)  -> (artifact id: '21e246303591d848f2f01ced5aef1f3e') in 0.005748 seconds
  Import took 0.008569 seconds .

========================================================================
Received Prepare
Registering precompiled user dll's ...
Registered in 0.000660 seconds.
Begin MonoManager ReloadAssembly
Native extension for WindowsStandalone target not found
Refreshing native plugins compatible for Editor in 0.33 ms, found 1 plugins.
Preloading 0 native plugins for Editor in 0.00 ms.
Mono: successfully reloaded assembly
- Completed reload, in  0.796 seconds
Platform modules already initialized, skipping
Refreshing native plugins compatible for Editor in 0.35 ms, found 1 plugins.
Preloading 0 native plugins for Editor in 0.00 ms.
Unloading 1808 Unused Serialized files (Serialized files now loaded: 0)
System memory in use before: 88.1 MB.
System memory in use after: 88.1 MB.

Unloading 12 unused Assets to reduce memory usage. Loaded Objects now: 2287.
Total: 1.938300 ms (FindLiveObjects: 0.190700 ms CreateObjectMapping: 0.061200 ms MarkObjects: 1.593400 ms  DeleteObjects: 0.091900 ms)

========================================================================
Received Import Request.
  Time since last request: 67.657810 seconds.
  path: Assets/Scripts/Utilits/NewBehaviourScript.cs
  artifactKey: Guid(b091233ea01f43045a74e75eccc59b4a) Importer(815301076,1909f56bfc062723c751e8b465ee728b)
Start importing Assets/Scripts/Utilits/NewBehaviourScript.cs using Guid(b091233ea01f43045a74e75eccc59b4a) Importer(815301076,1909f56bfc062723c751e8b465ee728b)  -> (artifact id: 'bed6d742b90e851ddc5f00c8d54e2d05') in 0.010221 seconds
  Import took 0.012647 seconds .

========================================================================
Received Prepare
Registering precompiled user dll's ...
Registered in 0.000649 seconds.
Begin MonoManager ReloadAssembly
Native extension for WindowsStandalone target not found
Refreshing native plugins compatible for Editor in 0.32 ms, found 1 plugins.
Preloading 0 native plugins for Editor in 0.00 ms.
Mono: successfully reloaded assembly
- Completed reload, in  0.776 seconds
Platform modules already initialized, skipping
Refreshing native plugins compatible for Editor in 0.32 ms, found 1 plugins.
Preloading 0 native plugins for Editor in 0.00 ms.
Unloading 1807 Unused Serialized files (Serialized files now loaded: 0)
System memory in use before: 88.1 MB.
System memory in use after: 88.1 MB.

Unloading 13 unused Assets to reduce memory usage. Loaded Objects now: 2290.
Total: 1.990900 ms (FindLiveObjects: 0.301000 ms CreateObjectMapping: 0.187500 ms MarkObjects: 1.405400 ms  DeleteObjects: 0.096000 ms)

========================================================================
Received Import Request.
  Time since last request: 10.268969 seconds.
  path: Assets/Scripts/Utilits/Utils.cs
  artifactKey: Guid(9dbc7cfe49e6a9044a654c422a336fc8) Importer(815301076,1909f56bfc062723c751e8b465ee728b)
Start importing Assets/Scripts/Utilits/Utils.cs using Guid(9dbc7cfe49e6a9044a654c422a336fc8) Importer(815301076,1909f56bfc062723c751e8b465ee728b)  -> (artifact id: 'd8b5298c3a214bd7f439eaf684a1080d') in 0.003916 seconds
  Import took 0.006746 seconds .

========================================================================
Received Import Request.
  Time since last request: 0.001192 seconds.
  path: Assets/Scripts/Utilits/Utils.cs
  artifactKey: Guid(9dbc7cfe49e6a9044a654c422a336fc8) Importer(815301076,1909f56bfc062723c751e8b465ee728b)
Start importing Assets/Scripts/Utilits/Utils.cs using Guid(9dbc7cfe49e6a9044a654c422a336fc8) Importer(815301076,1909f56bfc062723c751e8b465ee728b)  -> (artifact id: 'd8b5298c3a214bd7f439eaf684a1080d') in 0.000955 seconds
  Import took 0.003513 seconds .

========================================================================
Received Prepare
Registering precompiled user dll's ...
Registered in 0.000623 seconds.
Begin MonoManager ReloadAssembly
Native extension for WindowsStandalone target not found
Refreshing native plugins compatible for Editor in 0.36 ms, found 1 plugins.
Preloading 0 native plugins for Editor in 0.00 ms.
Mono: successfully reloaded assembly
- Completed reload, in  0.950 seconds
Platform modules already initialized, skipping
Refreshing native plugins compatible for Editor in 0.34 ms, found 1 plugins.
Preloading 0 native plugins for Editor in 0.00 ms.
Unloading 1808 Unused Serialized files (Serialized files now loaded: 0)
System memory in use before: 88.2 MB.
System memory in use after: 88.1 MB.

Unloading 12 unused Assets to reduce memory usage. Loaded Objects now: 2295.
Total: 2.712100 ms (FindLiveObjects: 0.851200 ms CreateObjectMapping: 0.138600 ms MarkObjects: 1.615200 ms  DeleteObjects: 0.106100 ms)

========================================================================
Received Prepare
Registering precompiled user dll's ...
Registered in 0.000687 seconds.
Begin MonoManager ReloadAssembly
Native extension for WindowsStandalone target not found
Refreshing native plugins compatible for Editor in 0.41 ms, found 1 plugins.
Preloading 0 native plugins for Editor in 0.00 ms.
Mono: successfully reloaded assembly
- Completed reload, in  0.765 seconds
Platform modules already initialized, skipping
Refreshing native plugins compatible for Editor in 0.33 ms, found 1 plugins.
Preloading 0 native plugins for Editor in 0.00 ms.
Unloading 1808 Unused Serialized files (Serialized files now loaded: 0)
System memory in use before: 88.2 MB.
System memory in use after: 88.1 MB.

Unloading 12 unused Assets to reduce memory usage. Loaded Objects now: 2299.
Total: 1.678900 ms (FindLiveObjects: 0.177000 ms CreateObjectMapping: 0.062100 ms MarkObjects: 1.342600 ms  DeleteObjects: 0.096300 ms)

========================================================================
Received Import Request.
  Time since last request: 246.898839 seconds.
  path: Assets/Scripts/Utilits/Utils.cs
  artifactKey: Guid(9dbc7cfe49e6a9044a654c422a336fc8) Importer(815301076,1909f56bfc062723c751e8b465ee728b)
Start importing Assets/Scripts/Utilits/Utils.cs using Guid(9dbc7cfe49e6a9044a654c422a336fc8) Importer(815301076,1909f56bfc062723c751e8b465ee728b)  -> (artifact id: '65bcf178086ccb3b1367d5fd65bdb6b8') in 0.003334 seconds
  Import took 0.005929 seconds .

========================================================================
Received Import Request.
  Time since last request: 10.794563 seconds.
  path: Assets/Scripts/Controllers/PlayerController.cs
  artifactKey: Guid(3dcc2c9741645474e89260782542dedc) Importer(815301076,1909f56bfc062723c751e8b465ee728b)
Start importing Assets/Scripts/Controllers/PlayerController.cs using Guid(3dcc2c9741645474e89260782542dedc) Importer(815301076,1909f56bfc062723c751e8b465ee728b)  -> (artifact id: 'd98271275bfa20a313867a1386234b38') in 0.001468 seconds
  Import took 0.003908 seconds .

========================================================================
Received Prepare
Registering precompiled user dll's ...
Registered in 0.000648 seconds.
Begin MonoManager ReloadAssembly
Native extension for WindowsStandalone target not found
Refreshing native plugins compatible for Editor in 0.33 ms, found 1 plugins.
Preloading 0 native plugins for Editor in 0.00 ms.
Mono: successfully reloaded assembly
- Completed reload, in  0.918 seconds
Platform modules already initialized, skipping
Refreshing native plugins compatible for Editor in 0.31 ms, found 1 plugins.
Preloading 0 native plugins for Editor in 0.00 ms.
Unloading 1809 Unused Serialized files (Serialized files now loaded: 0)
System memory in use before: 88.2 MB.
System memory in use after: 88.2 MB.

Unloading 12 unused Assets to reduce memory usage. Loaded Objects now: 2304.
Total: 1.814000 ms (FindLiveObjects: 0.197300 ms CreateObjectMapping: 0.076400 ms MarkObjects: 1.444400 ms  DeleteObjects: 0.094800 ms)

========================================================================
Received Prepare
Registering precompiled user dll's ...
Registered in 0.000653 seconds.
Begin MonoManager ReloadAssembly
Native extension for WindowsStandalone target not found
Refreshing native plugins compatible for Editor in 0.33 ms, found 1 plugins.
Preloading 0 native plugins for Editor in 0.00 ms.
Mono: successfully reloaded assembly
- Completed reload, in  0.785 seconds
Platform modules already initialized, skipping
Refreshing native plugins compatible for Editor in 0.37 ms, found 1 plugins.
Preloading 0 native plugins for Editor in 0.00 ms.
Unloading 1809 Unused Serialized files (Serialized files now loaded: 0)
System memory in use before: 88.2 MB.
System memory in use after: 88.2 MB.

Unloading 12 unused Assets to reduce memory usage. Loaded Objects now: 2308.
Total: 1.840000 ms (FindLiveObjects: 0.196600 ms CreateObjectMapping: 0.063100 ms MarkObjects: 1.404800 ms  DeleteObjects: 0.174300 ms)

========================================================================
Received Import Request.
  Time since last request: 1662.765086 seconds.
  path: Assets/Scripts/Controllers/PlayerController.cs
  artifactKey: Guid(3dcc2c9741645474e89260782542dedc) Importer(815301076,1909f56bfc062723c751e8b465ee728b)
Start importing Assets/Scripts/Controllers/PlayerController.cs using Guid(3dcc2c9741645474e89260782542dedc) Importer(815301076,1909f56bfc062723c751e8b465ee728b)  -> (artifact id: 'f5b9f07c390facce7cb9fccc4af71589') in 0.003119 seconds
  Import took 0.005942 seconds .

========================================================================
Received Prepare
Registering precompiled user dll's ...
Registered in 0.000611 seconds.
Begin MonoManager ReloadAssembly
Native extension for WindowsStandalone target not found
Refreshing native plugins compatible for Editor in 0.34 ms, found 1 plugins.
Preloading 0 native plugins for Editor in 0.00 ms.
Mono: successfully reloaded assembly
- Completed reload, in  0.751 seconds
Platform modules already initialized, skipping
Refreshing native plugins compatible for Editor in 0.34 ms, found 1 plugins.
Preloading 0 native plugins for Editor in 0.00 ms.
Unloading 1809 Unused Serialized files (Serialized files now loaded: 0)
System memory in use before: 88.2 MB.
System memory in use after: 88.2 MB.

Unloading 12 unused Assets to reduce memory usage. Loaded Objects now: 2312.
Total: 1.870000 ms (FindLiveObjects: 0.160700 ms CreateObjectMapping: 0.054800 ms MarkObjects: 1.509500 ms  DeleteObjects: 0.144200 ms)

========================================================================
Received Import Request.
  Time since last request: 70.796840 seconds.
  path: Assets/Scripts/Config/SpriteAnimatorConfig.cs
  artifactKey: Guid(deeecaa590df75048acd518fe84e0e8c) Importer(815301076,1909f56bfc062723c751e8b465ee728b)
Start importing Assets/Scripts/Config/SpriteAnimatorConfig.cs using Guid(deeecaa590df75048acd518fe84e0e8c) Importer(815301076,1909f56bfc062723c751e8b465ee728b)  -> (artifact id: '45ceb08947a3c56afcd5c51b2d647b1a') in 0.002927 seconds
  Import took 0.005299 seconds .

========================================================================
Received Import Request.
  Time since last request: 7.378671 seconds.
  path: Assets/Configs/Resources/PlayerAnimCfg.asset
  artifactKey: Guid(026b2797e19954447afc25789a3e1dbe) Importer(815301076,1909f56bfc062723c751e8b465ee728b)
Start importing Assets/Configs/Resources/PlayerAnimCfg.asset using Guid(026b2797e19954447afc25789a3e1dbe) Importer(815301076,1909f56bfc062723c751e8b465ee728b)  -> (artifact id: '19e7735e9a7fb2dbbf70ff78b458ad3c') in 0.009849 seconds
  Import took 0.012604 seconds .

========================================================================
Received Prepare
Registering precompiled user dll's ...
Registered in 0.000893 seconds.
Begin MonoManager ReloadAssembly
Native extension for WindowsStandalone target not found
Refreshing native plugins compatible for Editor in 0.35 ms, found 1 plugins.
Preloading 0 native plugins for Editor in 0.00 ms.
Mono: successfully reloaded assembly
- Completed reload, in  0.804 seconds
Platform modules already initialized, skipping
Refreshing native plugins compatible for Editor in 0.31 ms, found 1 plugins.
Preloading 0 native plugins for Editor in 0.00 ms.
Unloading 1809 Unused Serialized files (Serialized files now loaded: 0)
System memory in use before: 88.2 MB.
System memory in use after: 88.2 MB.

Unloading 12 unused Assets to reduce memory usage. Loaded Objects now: 2316.
Total: 2.090100 ms (FindLiveObjects: 0.194800 ms CreateObjectMapping: 0.076600 ms MarkObjects: 1.713200 ms  DeleteObjects: 0.104000 ms)

========================================================================
Received Prepare
Registering precompiled user dll's ...
Registered in 0.001303 seconds.
Begin MonoManager ReloadAssembly
Native extension for WindowsStandalone target not found
Refreshing native plugins compatible for Editor in 0.33 ms, found 1 plugins.
Preloading 0 native plugins for Editor in 0.00 ms.
Mono: successfully reloaded assembly
- Completed reload, in  0.799 seconds
Platform modules already initialized, skipping
Refreshing native plugins compatible for Editor in 0.32 ms, found 1 plugins.
Preloading 0 native plugins for Editor in 0.00 ms.
Unloading 1809 Unused Serialized files (Serialized files now loaded: 0)
System memory in use before: 88.3 MB.
System memory in use after: 88.2 MB.

Unloading 12 unused Assets to reduce memory usage. Loaded Objects now: 2320.
Total: 1.659000 ms (FindLiveObjects: 0.178600 ms CreateObjectMapping: 0.072400 ms MarkObjects: 1.319300 ms  DeleteObjects: 0.087800 ms)

========================================================================
Received Import Request.
  Time since last request: 839.383025 seconds.
  path: Assets/Prefabs/Platform.prefab
  artifactKey: Guid(c312bdd193d7e1140bd698bea8f2a554) Importer(815301076,1909f56bfc062723c751e8b465ee728b)
Start importing Assets/Prefabs/Platform.prefab using Guid(c312bdd193d7e1140bd698bea8f2a554) Importer(815301076,1909f56bfc062723c751e8b465ee728b)  -> (artifact id: '3603fca425fe3a8d55f6d3e8c47431c6') in 0.051310 seconds
  Import took 0.054129 seconds .

========================================================================
Received Import Request.
  Time since last request: 9.193090 seconds.
  path: Assets/Prefabs/Platform.prefab
  artifactKey: Guid(c312bdd193d7e1140bd698bea8f2a554) Importer(815301076,1909f56bfc062723c751e8b465ee728b)
Start importing Assets/Prefabs/Platform.prefab using Guid(c312bdd193d7e1140bd698bea8f2a554) Importer(815301076,1909f56bfc062723c751e8b465ee728b)  -> (artifact id: 'a699e41f44711b2d3d5bd4991d97f288') in 0.010684 seconds
  Import took 0.015807 seconds .

========================================================================
Received Import Request.
  Time since last request: 6.233701 seconds.
  path: Assets/Prefabs/Platform.prefab
  artifactKey: Guid(c312bdd193d7e1140bd698bea8f2a554) Importer(815301076,1909f56bfc062723c751e8b465ee728b)
Start importing Assets/Prefabs/Platform.prefab using Guid(c312bdd193d7e1140bd698bea8f2a554) Importer(815301076,1909f56bfc062723c751e8b465ee728b)  -> (artifact id: 'da35d61c2a3f86e759fc1335182f6fd7') in 0.009601 seconds
  Import took 0.012682 seconds .

========================================================================
Received Prepare
Registering precompiled user dll's ...
Registered in 0.000894 seconds.
Begin MonoManager ReloadAssembly
Native extension for WindowsStandalone target not found
Refreshing native plugins compatible for Editor in 0.31 ms, found 1 plugins.
Preloading 0 native plugins for Editor in 0.00 ms.
Mono: successfully reloaded assembly
- Completed reload, in  0.763 seconds
Platform modules already initialized, skipping
Refreshing native plugins compatible for Editor in 0.32 ms, found 1 plugins.
Preloading 0 native plugins for Editor in 0.00 ms.
Unloading 1809 Unused Serialized files (Serialized files now loaded: 0)
System memory in use before: 88.3 MB.
System memory in use after: 88.2 MB.

Unloading 12 unused Assets to reduce memory usage. Loaded Objects now: 2325.
Total: 1.792800 ms (FindLiveObjects: 0.175100 ms CreateObjectMapping: 0.073600 ms MarkObjects: 1.445100 ms  DeleteObjects: 0.098000 ms)

========================================================================
Received Prepare
Registering precompiled user dll's ...
Registered in 0.000677 seconds.
Begin MonoManager ReloadAssembly
Native extension for WindowsStandalone target not found
Refreshing native plugins compatible for Editor in 0.33 ms, found 1 plugins.
Preloading 0 native plugins for Editor in 0.00 ms.
Mono: successfully reloaded assembly
- Completed reload, in  0.746 seconds
Platform modules already initialized, skipping
Refreshing native plugins compatible for Editor in 0.34 ms, found 1 plugins.
Preloading 0 native plugins for Editor in 0.00 ms.
Unloading 1809 Unused Serialized files (Serialized files now loaded: 0)
System memory in use before: 88.3 MB.
System memory in use after: 88.3 MB.

Unloading 12 unused Assets to reduce memory usage. Loaded Objects now: 2329.
Total: 2.045100 ms (FindLiveObjects: 0.215300 ms CreateObjectMapping: 0.075400 ms MarkObjects: 1.627200 ms  DeleteObjects: 0.125800 ms)

========================================================================
Received Prepare
Registering precompiled user dll's ...
Registered in 0.000629 seconds.
Begin MonoManager ReloadAssembly
Native extension for WindowsStandalone target not found
Refreshing native plugins compatible for Editor in 0.33 ms, found 1 plugins.
Preloading 0 native plugins for Editor in 0.00 ms.
Mono: successfully reloaded assembly
- Completed reload, in  0.758 seconds
Platform modules already initialized, skipping
Refreshing native plugins compatible for Editor in 0.32 ms, found 1 plugins.
Preloading 0 native plugins for Editor in 0.00 ms.
Unloading 1809 Unused Serialized files (Serialized files now loaded: 0)
System memory in use before: 88.3 MB.
System memory in use after: 88.3 MB.

Unloading 12 unused Assets to reduce memory usage. Loaded Objects now: 2333.
Total: 1.912800 ms (FindLiveObjects: 0.261100 ms CreateObjectMapping: 0.079600 ms MarkObjects: 1.404000 ms  DeleteObjects: 0.166700 ms)

========================================================================
Received Prepare
Registering precompiled user dll's ...
Registered in 0.000823 seconds.
Begin MonoManager ReloadAssembly
Native extension for WindowsStandalone target not found
Refreshing native plugins compatible for Editor in 0.34 ms, found 1 plugins.
Preloading 0 native plugins for Editor in 0.00 ms.
Mono: successfully reloaded assembly
- Completed reload, in  0.821 seconds
Platform modules already initialized, skipping
Refreshing native plugins compatible for Editor in 0.31 ms, found 1 plugins.
Preloading 0 native plugins for Editor in 0.00 ms.
Unloading 1809 Unused Serialized files (Serialized files now loaded: 0)
System memory in use before: 88.3 MB.
System memory in use after: 88.3 MB.

Unloading 12 unused Assets to reduce memory usage. Loaded Objects now: 2337.
Total: 1.764300 ms (FindLiveObjects: 0.218000 ms CreateObjectMapping: 0.076900 ms MarkObjects: 1.373600 ms  DeleteObjects: 0.094700 ms)

========================================================================
Received Prepare
Registering precompiled user dll's ...
Registered in 0.000616 seconds.
Begin MonoManager ReloadAssembly
Native extension for WindowsStandalone target not found
Refreshing native plugins compatible for Editor in 0.32 ms, found 1 plugins.
Preloading 0 native plugins for Editor in 0.00 ms.
Mono: successfully reloaded assembly
- Completed reload, in  0.788 seconds
Platform modules already initialized, skipping
Refreshing native plugins compatible for Editor in 0.43 ms, found 1 plugins.
Preloading 0 native plugins for Editor in 0.00 ms.
Unloading 1809 Unused Serialized files (Serialized files now loaded: 0)
System memory in use before: 88.3 MB.
System memory in use after: 88.3 MB.

Unloading 12 unused Assets to reduce memory usage. Loaded Objects now: 2341.
Total: 1.734900 ms (FindLiveObjects: 0.158000 ms CreateObjectMapping: 0.062500 ms MarkObjects: 1.420800 ms  DeleteObjects: 0.092900 ms)

========================================================================
Received Prepare
Registering precompiled user dll's ...
Registered in 0.000621 seconds.
Begin MonoManager ReloadAssembly
Native extension for WindowsStandalone target not found
Refreshing native plugins compatible for Editor in 0.32 ms, found 1 plugins.
Preloading 0 native plugins for Editor in 0.00 ms.
Mono: successfully reloaded assembly
- Completed reload, in  0.748 seconds
Platform modules already initialized, skipping
Refreshing native plugins compatible for Editor in 0.34 ms, found 1 plugins.
Preloading 0 native plugins for Editor in 0.00 ms.
Unloading 1809 Unused Serialized files (Serialized files now loaded: 0)
System memory in use before: 88.3 MB.
System memory in use after: 88.3 MB.

Unloading 12 unused Assets to reduce memory usage. Loaded Objects now: 2345.
Total: 1.657200 ms (FindLiveObjects: 0.178300 ms CreateObjectMapping: 0.072300 ms MarkObjects: 1.307200 ms  DeleteObjects: 0.098500 ms)

========================================================================
Received Import Request.
  Time since last request: 571.882377 seconds.
  path: Assets/Pixel Adventure 1/Assets/Main Characters/Ninja Frog
  artifactKey: Guid(04d5c6ab2c80a0049a258594f321bde4) Importer(815301076,1909f56bfc062723c751e8b465ee728b)
Start importing Assets/Pixel Adventure 1/Assets/Main Characters/Ninja Frog using Guid(04d5c6ab2c80a0049a258594f321bde4) Importer(815301076,1909f56bfc062723c751e8b465ee728b)  -> (artifact id: '48eac0433e477cf08eb1836260a018f5') in 0.009995 seconds
  Import took 0.013181 seconds .

========================================================================
Received Import Request.
  Time since last request: 11.615544 seconds.
  path: Assets/Pixel Adventure 1/Scenes/Demo.unity
  artifactKey: Guid(57c8798631625204e93512d7794fea11) Importer(815301076,1909f56bfc062723c751e8b465ee728b)
Start importing Assets/Pixel Adventure 1/Scenes/Demo.unity using Guid(57c8798631625204e93512d7794fea11) Importer(815301076,1909f56bfc062723c751e8b465ee728b)  -> (artifact id: '99a928c5f180ddd5a1abdba1d7bda853') in 0.009854 seconds
  Import took 0.012881 seconds .

========================================================================
Received Import Request.
  Time since last request: 20.519311 seconds.
  path: Assets/Scenes/MainScene.unity
  artifactKey: Guid(2cda990e2423bbf4892e6590ba056729) Importer(815301076,1909f56bfc062723c751e8b465ee728b)
Start importing Assets/Scenes/MainScene.unity using Guid(2cda990e2423bbf4892e6590ba056729) Importer(815301076,1909f56bfc062723c751e8b465ee728b)  -> (artifact id: 'b0734c81e2fc83a04316d3e569e846bc') in 0.002022 seconds
  Import took 0.004540 seconds .

========================================================================
Received Prepare
Registering precompiled user dll's ...
Registered in 0.001613 seconds.
Begin MonoManager ReloadAssembly
Native extension for WindowsStandalone target not found
Refreshing native plugins compatible for Editor in 0.34 ms, found 1 plugins.
Preloading 0 native plugins for Editor in 0.00 ms.
Mono: successfully reloaded assembly
- Completed reload, in  0.810 seconds
Platform modules already initialized, skipping
Refreshing native plugins compatible for Editor in 0.33 ms, found 1 plugins.
Preloading 0 native plugins for Editor in 0.00 ms.
Unloading 1809 Unused Serialized files (Serialized files now loaded: 0)
System memory in use before: 88.3 MB.
System memory in use after: 88.3 MB.

Unloading 12 unused Assets to reduce memory usage. Loaded Objects now: 2349.
Total: 1.899000 ms (FindLiveObjects: 0.182000 ms CreateObjectMapping: 0.063900 ms MarkObjects: 1.541200 ms  DeleteObjects: 0.111000 ms)

========================================================================
Received Prepare
Registering precompiled user dll's ...
Registered in 0.000623 seconds.
Begin MonoManager ReloadAssembly
Native extension for WindowsStandalone target not found
Refreshing native plugins compatible for Editor in 0.43 ms, found 1 plugins.
Preloading 0 native plugins for Editor in 0.00 ms.
Mono: successfully reloaded assembly
- Completed reload, in  0.746 seconds
Platform modules already initialized, skipping
Refreshing native plugins compatible for Editor in 0.35 ms, found 1 plugins.
Preloading 0 native plugins for Editor in 0.00 ms.
Unloading 1809 Unused Serialized files (Serialized files now loaded: 0)
System memory in use before: 88.3 MB.
System memory in use after: 88.3 MB.

Unloading 12 unused Assets to reduce memory usage. Loaded Objects now: 2353.
Total: 1.722500 ms (FindLiveObjects: 0.181200 ms CreateObjectMapping: 0.060200 ms MarkObjects: 1.391400 ms  DeleteObjects: 0.088800 ms)

========================================================================
Received Import Request.
  Time since last request: 278.436947 seconds.
  path: Assets/Configs/Resources/PlayerAnimCfg.asset
  artifactKey: Guid(026b2797e19954447afc25789a3e1dbe) Importer(815301076,1909f56bfc062723c751e8b465ee728b)
Start importing Assets/Configs/Resources/PlayerAnimCfg.asset using Guid(026b2797e19954447afc25789a3e1dbe) Importer(815301076,1909f56bfc062723c751e8b465ee728b)  -> (artifact id: 'a5c2e5a5def9d9fd8ae638d46a3ace08') in 0.012818 seconds
  Import took 0.015818 seconds .

========================================================================
Received Prepare
Registering precompiled user dll's ...
Registered in 0.000638 seconds.
Begin MonoManager ReloadAssembly
Native extension for WindowsStandalone target not found
Refreshing native plugins compatible for Editor in 0.33 ms, found 1 plugins.
Preloading 0 native plugins for Editor in 0.00 ms.
Mono: successfully reloaded assembly
- Completed reload, in  0.748 seconds
Platform modules already initialized, skipping
Refreshing native plugins compatible for Editor in 0.34 ms, found 1 plugins.
Preloading 0 native plugins for Editor in 0.00 ms.
Unloading 1809 Unused Serialized files (Serialized files now loaded: 0)
System memory in use before: 88.4 MB.
System memory in use after: 88.3 MB.

Unloading 12 unused Assets to reduce memory usage. Loaded Objects now: 2357.
Total: 1.971700 ms (FindLiveObjects: 0.228700 ms CreateObjectMapping: 0.073800 ms MarkObjects: 1.574900 ms  DeleteObjects: 0.093200 ms)

========================================================================
Received Prepare
Registering precompiled user dll's ...
Registered in 0.000824 seconds.
Begin MonoManager ReloadAssembly
Native extension for WindowsStandalone target not found
Refreshing native plugins compatible for Editor in 0.38 ms, found 1 plugins.
Preloading 0 native plugins for Editor in 0.00 ms.
Mono: successfully reloaded assembly
- Completed reload, in  0.771 seconds
Platform modules already initialized, skipping
Refreshing native plugins compatible for Editor in 0.33 ms, found 1 plugins.
Preloading 0 native plugins for Editor in 0.00 ms.
Unloading 1809 Unused Serialized files (Serialized files now loaded: 0)
System memory in use before: 88.4 MB.
System memory in use after: 88.3 MB.

Unloading 12 unused Assets to reduce memory usage. Loaded Objects now: 2361.
Total: 1.664300 ms (FindLiveObjects: 0.226500 ms CreateObjectMapping: 0.077900 ms MarkObjects: 1.272600 ms  DeleteObjects: 0.086300 ms)

========================================================================
Received Import Request.
  Time since last request: 719.728856 seconds.
  path: Assets/Configs/Resources/PlayerAnimCfg.asset
  artifactKey: Guid(026b2797e19954447afc25789a3e1dbe) Importer(815301076,1909f56bfc062723c751e8b465ee728b)
Start importing Assets/Configs/Resources/PlayerAnimCfg.asset using Guid(026b2797e19954447afc25789a3e1dbe) Importer(815301076,1909f56bfc062723c751e8b465ee728b)  -> (artifact id: '680fe177b81cebe740119b052d096ebf') in 0.017715 seconds
  Import took 0.021539 seconds .

========================================================================
Received Prepare
Registering precompiled user dll's ...
Registered in 0.000806 seconds.
Begin MonoManager ReloadAssembly
Native extension for WindowsStandalone target not found
Refreshing native plugins compatible for Editor in 0.32 ms, found 1 plugins.
Preloading 0 native plugins for Editor in 0.00 ms.
Mono: successfully reloaded assembly
- Completed reload, in  0.738 seconds
Platform modules already initialized, skipping
Refreshing native plugins compatible for Editor in 0.35 ms, found 1 plugins.
Preloading 0 native plugins for Editor in 0.00 ms.
Unloading 1809 Unused Serialized files (Serialized files now loaded: 0)
System memory in use before: 88.4 MB.
System memory in use after: 88.3 MB.

Unloading 12 unused Assets to reduce memory usage. Loaded Objects now: 2365.
Total: 1.714100 ms (FindLiveObjects: 0.221600 ms CreateObjectMapping: 0.057200 ms MarkObjects: 1.345100 ms  DeleteObjects: 0.089600 ms)

========================================================================
Received Prepare
Registering precompiled user dll's ...
Registered in 0.000651 seconds.
Begin MonoManager ReloadAssembly
Native extension for WindowsStandalone target not found
Refreshing native plugins compatible for Editor in 0.33 ms, found 1 plugins.
Preloading 0 native plugins for Editor in 0.00 ms.
Mono: successfully reloaded assembly
- Completed reload, in  0.747 seconds
Platform modules already initialized, skipping
Refreshing native plugins compatible for Editor in 0.34 ms, found 1 plugins.
Preloading 0 native plugins for Editor in 0.00 ms.
Unloading 1809 Unused Serialized files (Serialized files now loaded: 0)
System memory in use before: 88.4 MB.
System memory in use after: 88.4 MB.

Unloading 12 unused Assets to reduce memory usage. Loaded Objects now: 2369.
Total: 1.702500 ms (FindLiveObjects: 0.194700 ms CreateObjectMapping: 0.071900 ms MarkObjects: 1.344800 ms  DeleteObjects: 0.090300 ms)

========================================================================
Received Prepare
Registering precompiled user dll's ...
Registered in 0.000583 seconds.
Begin MonoManager ReloadAssembly
Native extension for WindowsStandalone target not found
Refreshing native plugins compatible for Editor in 0.32 ms, found 1 plugins.
Preloading 0 native plugins for Editor in 0.00 ms.
Mono: successfully reloaded assembly
- Completed reload, in  0.736 seconds
Platform modules already initialized, skipping
Refreshing native plugins compatible for Editor in 0.32 ms, found 1 plugins.
Preloading 0 native plugins for Editor in 0.00 ms.
Unloading 1809 Unused Serialized files (Serialized files now loaded: 0)
System memory in use before: 88.4 MB.
System memory in use after: 88.4 MB.

Unloading 12 unused Assets to reduce memory usage. Loaded Objects now: 2373.
Total: 1.773000 ms (FindLiveObjects: 0.208500 ms CreateObjectMapping: 0.081800 ms MarkObjects: 1.391400 ms  DeleteObjects: 0.090400 ms)

========================================================================
Received Prepare
Registering precompiled user dll's ...
Registered in 0.000614 seconds.
Begin MonoManager ReloadAssembly
Native extension for WindowsStandalone target not found
Refreshing native plugins compatible for Editor in 0.32 ms, found 1 plugins.
Preloading 0 native plugins for Editor in 0.00 ms.
Mono: successfully reloaded assembly
- Completed reload, in  0.745 seconds
Platform modules already initialized, skipping
Refreshing native plugins compatible for Editor in 0.32 ms, found 1 plugins.
Preloading 0 native plugins for Editor in 0.00 ms.
Unloading 1809 Unused Serialized files (Serialized files now loaded: 0)
System memory in use before: 88.4 MB.
System memory in use after: 88.4 MB.

Unloading 12 unused Assets to reduce memory usage. Loaded Objects now: 2377.
Total: 2.211800 ms (FindLiveObjects: 0.452400 ms CreateObjectMapping: 0.148800 ms MarkObjects: 1.514700 ms  DeleteObjects: 0.094900 ms)

========================================================================
Received Prepare
Registering precompiled user dll's ...
Registered in 0.000672 seconds.
Begin MonoManager ReloadAssembly
Native extension for WindowsStandalone target not found
Refreshing native plugins compatible for Editor in 0.32 ms, found 1 plugins.
Preloading 0 native plugins for Editor in 0.00 ms.
Mono: successfully reloaded assembly
- Completed reload, in  0.729 seconds
Platform modules already initialized, skipping
Refreshing native plugins compatible for Editor in 0.32 ms, found 1 plugins.
Preloading 0 native plugins for Editor in 0.00 ms.
Unloading 1809 Unused Serialized files (Serialized files now loaded: 0)
System memory in use before: 88.4 MB.
System memory in use after: 88.4 MB.

Unloading 12 unused Assets to reduce memory usage. Loaded Objects now: 2381.
Total: 1.771100 ms (FindLiveObjects: 0.211700 ms CreateObjectMapping: 0.051100 ms MarkObjects: 1.420700 ms  DeleteObjects: 0.086900 ms)

========================================================================
Received Prepare
Registering precompiled user dll's ...
Registered in 0.000614 seconds.
Begin MonoManager ReloadAssembly
Native extension for WindowsStandalone target not found
Refreshing native plugins compatible for Editor in 0.34 ms, found 1 plugins.
Preloading 0 native plugins for Editor in 0.00 ms.
Mono: successfully reloaded assembly
- Completed reload, in  0.742 seconds
Platform modules already initialized, skipping
Refreshing native plugins compatible for Editor in 0.34 ms, found 1 plugins.
Preloading 0 native plugins for Editor in 0.00 ms.
Unloading 1809 Unused Serialized files (Serialized files now loaded: 0)
System memory in use before: 88.4 MB.
System memory in use after: 88.4 MB.

Unloading 12 unused Assets to reduce memory usage. Loaded Objects now: 2385.
Total: 1.686800 ms (FindLiveObjects: 0.181400 ms CreateObjectMapping: 0.054900 ms MarkObjects: 1.356100 ms  DeleteObjects: 0.093500 ms)

========================================================================
Received Prepare
Registering precompiled user dll's ...
Registered in 0.000641 seconds.
Begin MonoManager ReloadAssembly
Native extension for WindowsStandalone target not found
Refreshing native plugins compatible for Editor in 0.33 ms, found 1 plugins.
Preloading 0 native plugins for Editor in 0.00 ms.
Mono: successfully reloaded assembly
- Completed reload, in  0.733 seconds
Platform modules already initialized, skipping
Refreshing native plugins compatible for Editor in 0.31 ms, found 1 plugins.
Preloading 0 native plugins for Editor in 0.00 ms.
Unloading 1809 Unused Serialized files (Serialized files now loaded: 0)
System memory in use before: 88.4 MB.
System memory in use after: 88.4 MB.

Unloading 12 unused Assets to reduce memory usage. Loaded Objects now: 2389.
Total: 1.779600 ms (FindLiveObjects: 0.213500 ms CreateObjectMapping: 0.053900 ms MarkObjects: 1.424300 ms  DeleteObjects: 0.087100 ms)

========================================================================
Received Prepare
Registering precompiled user dll's ...
Registered in 0.000872 seconds.
Begin MonoManager ReloadAssembly
Native extension for WindowsStandalone target not found
Refreshing native plugins compatible for Editor in 0.32 ms, found 1 plugins.
Preloading 0 native plugins for Editor in 0.00 ms.
Mono: successfully reloaded assembly
- Completed reload, in  0.734 seconds
Platform modules already initialized, skipping
Refreshing native plugins compatible for Editor in 0.31 ms, found 1 plugins.
Preloading 0 native plugins for Editor in 0.00 ms.
Unloading 1809 Unused Serialized files (Serialized files now loaded: 0)
System memory in use before: 88.5 MB.
System memory in use after: 88.4 MB.

Unloading 12 unused Assets to reduce memory usage. Loaded Objects now: 2393.
Total: 1.970100 ms (FindLiveObjects: 0.286900 ms CreateObjectMapping: 0.141900 ms MarkObjects: 1.442000 ms  DeleteObjects: 0.098500 ms)

========================================================================
Received Prepare
Registering precompiled user dll's ...
Registered in 0.000601 seconds.
Begin MonoManager ReloadAssembly
Native extension for WindowsStandalone target not found
Refreshing native plugins compatible for Editor in 0.33 ms, found 1 plugins.
Preloading 0 native plugins for Editor in 0.00 ms.
Mono: successfully reloaded assembly
- Completed reload, in  0.761 seconds
Platform modules already initialized, skipping
Refreshing native plugins compatible for Editor in 0.32 ms, found 1 plugins.
Preloading 0 native plugins for Editor in 0.00 ms.
Unloading 1809 Unused Serialized files (Serialized files now loaded: 0)
System memory in use before: 88.5 MB.
System memory in use after: 88.4 MB.

Unloading 12 unused Assets to reduce memory usage. Loaded Objects now: 2397.
Total: 1.965700 ms (FindLiveObjects: 0.366500 ms CreateObjectMapping: 0.070500 ms MarkObjects: 1.434900 ms  DeleteObjects: 0.093000 ms)

========================================================================
Received Prepare
Registering precompiled user dll's ...
Registered in 0.000578 seconds.
Begin MonoManager ReloadAssembly
Native extension for WindowsStandalone target not found
Refreshing native plugins compatible for Editor in 0.38 ms, found 1 plugins.
Preloading 0 native plugins for Editor in 0.00 ms.
Mono: successfully reloaded assembly
- Completed reload, in  0.737 seconds
Platform modules already initialized, skipping
Refreshing native plugins compatible for Editor in 0.36 ms, found 1 plugins.
Preloading 0 native plugins for Editor in 0.00 ms.
Unloading 1809 Unused Serialized files (Serialized files now loaded: 0)
System memory in use before: 88.5 MB.
System memory in use after: 88.4 MB.

Unloading 12 unused Assets to reduce memory usage. Loaded Objects now: 2401.
Total: 2.181300 ms (FindLiveObjects: 0.213100 ms CreateObjectMapping: 0.080300 ms MarkObjects: 1.738500 ms  DeleteObjects: 0.148100 ms)

========================================================================
Received Prepare
Registering precompiled user dll's ...
Registered in 0.000683 seconds.
Begin MonoManager ReloadAssembly
Native extension for WindowsStandalone target not found
Refreshing native plugins compatible for Editor in 0.32 ms, found 1 plugins.
Preloading 0 native plugins for Editor in 0.00 ms.
Mono: successfully reloaded assembly
- Completed reload, in  0.746 seconds
Platform modules already initialized, skipping
Refreshing native plugins compatible for Editor in 0.34 ms, found 1 plugins.
Preloading 0 native plugins for Editor in 0.00 ms.
Unloading 1809 Unused Serialized files (Serialized files now loaded: 0)
System memory in use before: 88.5 MB.
System memory in use after: 88.5 MB.

Unloading 12 unused Assets to reduce memory usage. Loaded Objects now: 2405.
Total: 1.883900 ms (FindLiveObjects: 0.249300 ms CreateObjectMapping: 0.056100 ms MarkObjects: 1.486100 ms  DeleteObjects: 0.091500 ms)

========================================================================
Received Prepare
Registering precompiled user dll's ...
Registered in 0.000782 seconds.
Begin MonoManager ReloadAssembly
Native extension for WindowsStandalone target not found
Refreshing native plugins compatible for Editor in 0.32 ms, found 1 plugins.
Preloading 0 native plugins for Editor in 0.00 ms.
Mono: successfully reloaded assembly
- Completed reload, in  0.743 seconds
Platform modules already initialized, skipping
Refreshing native plugins compatible for Editor in 0.43 ms, found 1 plugins.
Preloading 0 native plugins for Editor in 0.00 ms.
Unloading 1809 Unused Serialized files (Serialized files now loaded: 0)
System memory in use before: 88.5 MB.
System memory in use after: 88.5 MB.

Unloading 12 unused Assets to reduce memory usage. Loaded Objects now: 2409.
Total: 1.734300 ms (FindLiveObjects: 0.172400 ms CreateObjectMapping: 0.061600 ms MarkObjects: 1.410700 ms  DeleteObjects: 0.088900 ms)

========================================================================
Received Prepare
Registering precompiled user dll's ...
Registered in 0.000906 seconds.
Begin MonoManager ReloadAssembly
Native extension for WindowsStandalone target not found
Refreshing native plugins compatible for Editor in 0.32 ms, found 1 plugins.
Preloading 0 native plugins for Editor in 0.00 ms.
Mono: successfully reloaded assembly
- Completed reload, in  0.728 seconds
Platform modules already initialized, skipping
Refreshing native plugins compatible for Editor in 0.31 ms, found 1 plugins.
Preloading 0 native plugins for Editor in 0.00 ms.
Unloading 1809 Unused Serialized files (Serialized files now loaded: 0)
System memory in use before: 88.5 MB.
System memory in use after: 88.5 MB.

Unloading 12 unused Assets to reduce memory usage. Loaded Objects now: 2413.
Total: 1.767100 ms (FindLiveObjects: 0.213600 ms CreateObjectMapping: 0.063200 ms MarkObjects: 1.396200 ms  DeleteObjects: 0.093000 ms)

========================================================================
Received Prepare
Registering precompiled user dll's ...
Registered in 0.000597 seconds.
Begin MonoManager ReloadAssembly
Native extension for WindowsStandalone target not found
Refreshing native plugins compatible for Editor in 0.43 ms, found 1 plugins.
Preloading 0 native plugins for Editor in 0.00 ms.
Mono: successfully reloaded assembly
- Completed reload, in  0.731 seconds
Platform modules already initialized, skipping
Refreshing native plugins compatible for Editor in 0.32 ms, found 1 plugins.
Preloading 0 native plugins for Editor in 0.00 ms.
Unloading 1809 Unused Serialized files (Serialized files now loaded: 0)
System memory in use before: 88.5 MB.
System memory in use after: 88.5 MB.

Unloading 12 unused Assets to reduce memory usage. Loaded Objects now: 2417.
Total: 1.713900 ms (FindLiveObjects: 0.182700 ms CreateObjectMapping: 0.069100 ms MarkObjects: 1.372900 ms  DeleteObjects: 0.088400 ms)

========================================================================
Received Prepare
Registering precompiled user dll's ...
Registered in 0.000659 seconds.
Begin MonoManager ReloadAssembly
Native extension for WindowsStandalone target not found
Refreshing native plugins compatible for Editor in 0.33 ms, found 1 plugins.
Preloading 0 native plugins for Editor in 0.00 ms.
Mono: successfully reloaded assembly
- Completed reload, in  0.770 seconds
Platform modules already initialized, skipping
Refreshing native plugins compatible for Editor in 0.32 ms, found 1 plugins.
Preloading 0 native plugins for Editor in 0.00 ms.
Unloading 1809 Unused Serialized files (Serialized files now loaded: 0)
System memory in use before: 88.5 MB.
System memory in use after: 88.5 MB.

Unloading 12 unused Assets to reduce memory usage. Loaded Objects now: 2421.
Total: 1.767600 ms (FindLiveObjects: 0.164600 ms CreateObjectMapping: 0.054300 ms MarkObjects: 1.454700 ms  DeleteObjects: 0.093500 ms)

========================================================================
Received Prepare
Registering precompiled user dll's ...
Registered in 0.000730 seconds.
Begin MonoManager ReloadAssembly
Native extension for WindowsStandalone target not found
Refreshing native plugins compatible for Editor in 0.32 ms, found 1 plugins.
Preloading 0 native plugins for Editor in 0.00 ms.
Mono: successfully reloaded assembly
- Completed reload, in  0.764 seconds
Platform modules already initialized, skipping
Refreshing native plugins compatible for Editor in 0.38 ms, found 1 plugins.
Preloading 0 native plugins for Editor in 0.00 ms.
Unloading 1809 Unused Serialized files (Serialized files now loaded: 0)
System memory in use before: 88.5 MB.
System memory in use after: 88.5 MB.

Unloading 12 unused Assets to reduce memory usage. Loaded Objects now: 2425.
Total: 1.903300 ms (FindLiveObjects: 0.255600 ms CreateObjectMapping: 0.074200 ms MarkObjects: 1.416800 ms  DeleteObjects: 0.155700 ms)

========================================================================
Received Prepare
Registering precompiled user dll's ...
Registered in 0.000611 seconds.
Begin MonoManager ReloadAssembly
Native extension for WindowsStandalone target not found
Refreshing native plugins compatible for Editor in 0.34 ms, found 1 plugins.
Preloading 0 native plugins for Editor in 0.00 ms.
Mono: successfully reloaded assembly
- Completed reload, in  0.748 seconds
Platform modules already initialized, skipping
Refreshing native plugins compatible for Editor in 0.32 ms, found 1 plugins.
Preloading 0 native plugins for Editor in 0.00 ms.
Unloading 1809 Unused Serialized files (Serialized files now loaded: 0)
System memory in use before: 88.5 MB.
System memory in use after: 88.5 MB.

Unloading 12 unused Assets to reduce memory usage. Loaded Objects now: 2429.
Total: 1.787800 ms (FindLiveObjects: 0.214500 ms CreateObjectMapping: 0.055300 ms MarkObjects: 1.424300 ms  DeleteObjects: 0.092900 ms)

